2023-06-29 16:30:05,966 - numexpr.utils - INFO - Note: NumExpr detected 12 cores but "NUMEXPR_MAX_THREADS" not set, so enforcing safe limit of 8.
2023-06-29 16:30:05,968 - numexpr.utils - INFO - NumExpr defaulting to 8 threads.
2023-07-03 21:35:47,178 - numexpr.utils - INFO - Note: NumExpr detected 12 cores but "NUMEXPR_MAX_THREADS" not set, so enforcing safe limit of 8.
2023-07-03 21:35:47,180 - numexpr.utils - INFO - NumExpr defaulting to 8 threads.
2023-07-03 22:55:14,524 - pyswarms.backend.handlers - ERROR - Unrecognized strategy: linear. Choose one among: ['adjust', 'invert', 'unmodified', 'zero']
Traceback (most recent call last):
  File "c:\Users\Brennan\miniconda3\envs\tf\lib\site-packages\pyswarms\backend\handlers.py", line 437, in __call__
    new_position = self.strategies[self.strategy](
KeyError: 'linear'
2023-07-03 22:55:14,528 - pyswarms.backend.operators - ERROR - Missing keyword in swarm.options
Traceback (most recent call last):
  File "c:\Users\Brennan\miniconda3\envs\tf\lib\site-packages\pyswarms\backend\operators.py", line 144, in compute_velocity
    updated_velocity = vh(
  File "c:\Users\Brennan\miniconda3\envs\tf\lib\site-packages\pyswarms\backend\handlers.py", line 437, in __call__
    new_position = self.strategies[self.strategy](
KeyError: 'linear'
2023-07-03 22:57:56,482 - pyswarms.backend.handlers - ERROR - Unrecognized strategy: linear. Choose one among: ['adjust', 'invert', 'unmodified', 'zero']
Traceback (most recent call last):
  File "c:\Users\Brennan\miniconda3\envs\tf\lib\site-packages\pyswarms\backend\handlers.py", line 437, in __call__
    new_position = self.strategies[self.strategy](
KeyError: 'linear'
2023-07-03 22:57:56,484 - pyswarms.backend.operators - ERROR - Missing keyword in swarm.options
Traceback (most recent call last):
  File "c:\Users\Brennan\miniconda3\envs\tf\lib\site-packages\pyswarms\backend\operators.py", line 144, in compute_velocity
    updated_velocity = vh(
  File "c:\Users\Brennan\miniconda3\envs\tf\lib\site-packages\pyswarms\backend\handlers.py", line 437, in __call__
    new_position = self.strategies[self.strategy](
KeyError: 'linear'
2023-07-03 23:04:16,546 - pyswarms.backend.handlers - ERROR - Unrecognized strategy: linear. Choose one among: ['adjust', 'invert', 'unmodified', 'zero']
Traceback (most recent call last):
  File "c:\Users\Brennan\miniconda3\envs\tf\lib\site-packages\pyswarms\backend\handlers.py", line 437, in __call__
    new_position = self.strategies[self.strategy](
KeyError: 'linear'
2023-07-03 23:04:16,547 - pyswarms.backend.operators - ERROR - Missing keyword in swarm.options
Traceback (most recent call last):
  File "c:\Users\Brennan\miniconda3\envs\tf\lib\site-packages\pyswarms\backend\operators.py", line 144, in compute_velocity
    updated_velocity = vh(
  File "c:\Users\Brennan\miniconda3\envs\tf\lib\site-packages\pyswarms\backend\handlers.py", line 437, in __call__
    new_position = self.strategies[self.strategy](
KeyError: 'linear'
2023-07-03 23:05:36,697 - pyswarms.backend.handlers - ERROR - Unrecognized strategy: linear. Choose one among: ['adjust', 'invert', 'unmodified', 'zero']
Traceback (most recent call last):
  File "C:\Users\Brennan\miniconda3\envs\tf\lib\site-packages\pyswarms\backend\handlers.py", line 437, in __call__
    new_position = self.strategies[self.strategy](
KeyError: 'linear'
2023-07-03 23:05:36,701 - pyswarms.backend.operators - ERROR - Missing keyword in swarm.options
Traceback (most recent call last):
  File "C:\Users\Brennan\miniconda3\envs\tf\lib\site-packages\pyswarms\backend\operators.py", line 144, in compute_velocity
    updated_velocity = vh(
  File "C:\Users\Brennan\miniconda3\envs\tf\lib\site-packages\pyswarms\backend\handlers.py", line 437, in __call__
    new_position = self.strategies[self.strategy](
KeyError: 'linear'
2023-07-03 23:07:03,787 - pyswarms.backend.handlers - ERROR - Unrecognized strategy: linear. Choose one among: ['adjust', 'invert', 'unmodified', 'zero']
Traceback (most recent call last):
  File "C:\Users\Brennan\miniconda3\envs\tf\lib\site-packages\pyswarms\backend\handlers.py", line 437, in __call__
    new_position = self.strategies[self.strategy](
KeyError: 'linear'
2023-07-03 23:07:03,790 - pyswarms.backend.operators - ERROR - Missing keyword in swarm.options
Traceback (most recent call last):
  File "C:\Users\Brennan\miniconda3\envs\tf\lib\site-packages\pyswarms\backend\operators.py", line 144, in compute_velocity
    updated_velocity = vh(
  File "C:\Users\Brennan\miniconda3\envs\tf\lib\site-packages\pyswarms\backend\handlers.py", line 437, in __call__
    new_position = self.strategies[self.strategy](
KeyError: 'linear'
2023-07-03 23:08:14,217 - pyswarms.backend.handlers - ERROR - Unrecognized strategy: linear. Choose one among: ['adjust', 'invert', 'unmodified', 'zero']
Traceback (most recent call last):
  File "C:\Users\Brennan\miniconda3\envs\tf\lib\site-packages\pyswarms\backend\handlers.py", line 437, in __call__
    new_position = self.strategies[self.strategy](
KeyError: 'linear'
2023-07-03 23:08:14,220 - pyswarms.backend.operators - ERROR - Missing keyword in swarm.options
Traceback (most recent call last):
  File "C:\Users\Brennan\miniconda3\envs\tf\lib\site-packages\pyswarms\backend\operators.py", line 144, in compute_velocity
    updated_velocity = vh(
  File "C:\Users\Brennan\miniconda3\envs\tf\lib\site-packages\pyswarms\backend\handlers.py", line 437, in __call__
    new_position = self.strategies[self.strategy](
KeyError: 'linear'
2023-07-03 23:08:48,995 - pyswarms.backend.handlers - ERROR - Unrecognized strategy: linear. Choose one among: ['adjust', 'invert', 'unmodified', 'zero']
Traceback (most recent call last):
  File "C:\Users\Brennan\miniconda3\envs\tf\lib\site-packages\pyswarms\backend\handlers.py", line 437, in __call__
    new_position = self.strategies[self.strategy](
KeyError: 'linear'
2023-07-03 23:08:48,998 - pyswarms.backend.operators - ERROR - Missing keyword in swarm.options
Traceback (most recent call last):
  File "C:\Users\Brennan\miniconda3\envs\tf\lib\site-packages\pyswarms\backend\operators.py", line 144, in compute_velocity
    updated_velocity = vh(
  File "C:\Users\Brennan\miniconda3\envs\tf\lib\site-packages\pyswarms\backend\handlers.py", line 437, in __call__
    new_position = self.strategies[self.strategy](
KeyError: 'linear'
2023-07-03 23:14:46,959 - pyswarms.backend.handlers - ERROR - Unrecognized strategy: linear. Choose one among: ['adjust', 'invert', 'unmodified', 'zero']
Traceback (most recent call last):
  File "c:\Users\Brennan\miniconda3\envs\tf\lib\site-packages\pyswarms\backend\handlers.py", line 437, in __call__
    new_position = self.strategies[self.strategy](
KeyError: 'linear'
2023-07-03 23:14:46,960 - pyswarms.backend.operators - ERROR - Missing keyword in swarm.options
Traceback (most recent call last):
  File "c:\Users\Brennan\miniconda3\envs\tf\lib\site-packages\pyswarms\backend\operators.py", line 144, in compute_velocity
    updated_velocity = vh(
  File "c:\Users\Brennan\miniconda3\envs\tf\lib\site-packages\pyswarms\backend\handlers.py", line 437, in __call__
    new_position = self.strategies[self.strategy](
KeyError: 'linear'
2023-07-03 23:18:04,007 - pyswarms.backend.handlers - ERROR - Unrecognized strategy: linear. Choose one among: ['adjust', 'invert', 'unmodified', 'zero']
Traceback (most recent call last):
  File "C:\Users\Brennan\miniconda3\envs\tf\lib\site-packages\pyswarms\backend\handlers.py", line 437, in __call__
    new_position = self.strategies[self.strategy](
KeyError: 'linear'
2023-07-03 23:18:04,011 - pyswarms.backend.operators - ERROR - Missing keyword in swarm.options
Traceback (most recent call last):
  File "C:\Users\Brennan\miniconda3\envs\tf\lib\site-packages\pyswarms\backend\operators.py", line 144, in compute_velocity
    updated_velocity = vh(
  File "C:\Users\Brennan\miniconda3\envs\tf\lib\site-packages\pyswarms\backend\handlers.py", line 437, in __call__
    new_position = self.strategies[self.strategy](
KeyError: 'linear'
2023-07-03 23:27:35,780 - numexpr.utils - INFO - Note: NumExpr detected 12 cores but "NUMEXPR_MAX_THREADS" not set, so enforcing safe limit of 8.
2023-07-03 23:27:35,781 - numexpr.utils - INFO - NumExpr defaulting to 8 threads.
